<?xml version="1.0" encoding="UTF-8"?>
<!-- Generated by org.testng.reporters.JUnitReportReporter -->
<testsuite hostname="MADHUSUDHAN" failures="0" tests="2" name="com.mavenpractice.radioButtons" time="36.607" errors="0" timestamp="2024-05-29T07:56:15 IST" skipped="0">
  <testcase classname="com.mavenpractice.radioButtons" name="feedbackhighrating" time="24.059"/>
  <system-out/>
  <testcase classname="com.mavenpractice.radioButtons" name="Vapage" time="12.548"/>
  <system-out/>
</testsuite> <!-- com.mavenpractice.radioButtons -->
