<?xml version="1.0" encoding="UTF-8"?>
<!-- Generated by org.testng.reporters.JUnitReportReporter -->
<testsuite hostname="MADHUSUDHAN" failures="0" tests="2" name="com.mavenpractice.windowsHandles" time="30.065" errors="0" timestamp="2024-05-29T08:22:25 IST" skipped="0">
  <testcase classname="com.mavenpractice.windowsHandles" name="privacylinkStatement" time="15.635"/>
  <system-out/>
  <testcase classname="com.mavenpractice.windowsHandles" name="Vapage" time="14.430"/>
  <system-out/>
</testsuite> <!-- com.mavenpractice.windowsHandles -->
