<?xml version="1.0" encoding="UTF-8"?>
<!-- Generated by org.testng.reporters.JUnitReportReporter -->
<testsuite hostname="MADHUSUDHAN" failures="0" tests="2" name="com.mavenpractice.launchVApage" time="19.499" errors="0" timestamp="2024-05-25T20:18:36 IST" skipped="0">
  <testcase classname="com.mavenpractice.launchVApage" name="Vapage" time="15.274"/>
  <system-out/>
  <testcase classname="com.mavenpractice.launchVApage" name="Textarea" time="4.225"/>
  <system-out/>
</testsuite> <!-- com.mavenpractice.launchVApage -->
